<?xml version="1.0" encoding="UTF-8"?>
<!-- Generated by org.testng.reporters.JUnitReportReporter -->
<testsuite hostname="DESKTOP-EMMOM4M" failures="0" tests="2" name="Academy1.TitleValidation" time="0.312" errors="0" timestamp="2020-03-09T19:16:20 IST" skipped="0">
  <testcase classname="Academy1.TitleValidation" name="ValidateHeader" time="0.056"/>
  <system-out/>
  <testcase classname="Academy1.TitleValidation" name="ValidateAppTitle" time="0.256"/>
  <system-out/>
</testsuite> <!-- Academy1.TitleValidation -->
