<?xml version="1.0" encoding="UTF-8"?>
<!-- Generated by org.testng.reporters.JUnitReportReporter -->
<testsuite hostname="DESKTOP-EMMOM4M" failures="0" tests="1" name="Academy1.ValidateNavigationBar" time="0.152" errors="0" timestamp="2020-03-09T19:16:20 IST" skipped="0">
  <testcase classname="Academy1.ValidateNavigationBar" name="ValidateAppNavBar" time="0.152"/>
  <system-out/>
</testsuite> <!-- Academy1.ValidateNavigationBar -->
