<?xml version="1.0" encoding="UTF-8"?>
<!-- Generated by org.testng.reporters.JUnitReportReporter -->
<testsuite hostname="DESKTOP-EMMOM4M" failures="0" tests="2" name="Academy1.homePage" time="19.460" errors="0" timestamp="2020-03-09T19:16:20 IST" skipped="0">
  <testcase classname="Academy1.homePage" name="basePageNavigation" time="12.232"/>
  <system-out/>
  <testcase classname="Academy1.homePage" name="basePageNavigation" time="7.228"/>
  <system-out/>
</testsuite> <!-- Academy1.homePage -->
