<?xml version="1.0" encoding="UTF-8"?>
<!-- Generated by org.testng.reporters.JUnitReportReporter -->
<testsuite hostname="DESKTOP-PLAMAGM" failures="0" tests="2" name="Academy1.homePage" time="44.470" errors="0" timestamp="2020-02-22T13:34:35 IST" skipped="0">
  <testcase classname="Academy1.homePage" name="basePageNavigation" time="7.964"/>
  <testcase classname="Academy1.homePage" name="basePageNavigation" time="36.506"/>
</testsuite> <!-- Academy1.homePage -->
