<?xml version="1.0" encoding="UTF-8"?>
<!-- Generated by org.testng.reporters.JUnitReportReporter -->
<testsuite hostname="DESKTOP-EMMOM4M" failures="0" tests="1" name="demo.StaticJson" time="3.011" errors="0" timestamp="11 Apr 2020 16:41:40 GMT">
  <testcase classname="demo.StaticJson" name="addBook" time="3.011"/>
</testsuite> <!-- demo.StaticJson -->
